<?xml version="1.0" encoding="UTF-8"?>
<!DOCTYPE suite SYSTEM "http://testng.org/testng-1.0.dtd">
<suite name="Amazon Suite">

	<test name="Amazon page Automation">
		<classes>
			<class name="basic.tests.TestBase" />
			<class name="basic.tests.AmazonTest" />
		</classes>
	</test>

</suite> <!-- Suite -->
